<?xml version="1.0" encoding="UTF-8"?>
<coverage generated="1663168813615" clover="3.2.0">
  <project timestamp="1663168813615" name="All files">
    <metrics statements="49" coveredstatements="47" conditionals="13" coveredconditionals="13" methods="6" coveredmethods="6" elements="68" coveredelements="66" complexity="0" loc="49" ncloc="49" packages="1" files="3" classes="3"/>
    <file name="createApostas.js" path="/home/agathar/Documents/Mentoria/mentorship/projects/loteria-online/src/loteria-online/createApostas.js">
      <metrics statements="26" coveredstatements="26" conditionals="11" coveredconditionals="11" methods="4" coveredmethods="4"/>
      <line num="1" count="1" type="stmt"/>
      <line num="3" count="1" type="stmt"/>
      <line num="4" count="1" type="stmt"/>
      <line num="8" count="1" type="stmt"/>
      <line num="10" count="1" type="stmt"/>
      <line num="12" count="11" type="stmt"/>
      <line num="14" count="11" type="stmt"/>
      <line num="15" count="11" type="stmt"/>
      <line num="18" count="11" type="stmt"/>
      <line num="19" count="6" type="cond" truecount="2" falsecount="0"/>
      <line num="20" count="1" type="stmt"/>
      <line num="22" count="5" type="stmt"/>
      <line num="23" count="9" type="cond" truecount="5" falsecount="0"/>
      <line num="24" count="3" type="stmt"/>
      <line num="27" count="2" type="stmt"/>
      <line num="30" count="11" type="stmt"/>
      <line num="37" count="11" type="cond" truecount="2" falsecount="0"/>
      <line num="38" count="5" type="stmt"/>
      <line num="40" count="6" type="cond" truecount="2" falsecount="0"/>
      <line num="41" count="4" type="stmt"/>
      <line num="44" count="2" type="stmt"/>
      <line num="46" count="2" type="stmt"/>
      <line num="64" count="2" type="stmt"/>
      <line num="65" count="2" type="stmt"/>
      <line num="66" count="1" type="stmt"/>
      <line num="69" count="1" type="stmt"/>
    </file>
    <file name="deleteApostas.js" path="/home/agathar/Documents/Mentoria/mentorship/projects/loteria-online/src/loteria-online/deleteApostas.js">
      <metrics statements="13" coveredstatements="13" conditionals="2" coveredconditionals="2" methods="1" coveredmethods="1"/>
      <line num="3" count="1" type="stmt"/>
      <line num="5" count="1" type="stmt"/>
      <line num="6" count="1" type="stmt"/>
      <line num="8" count="1" type="stmt"/>
      <line num="9" count="3" type="stmt"/>
      <line num="10" count="3" type="cond" truecount="2" falsecount="0"/>
      <line num="11" count="1" type="stmt"/>
      <line num="18" count="2" type="stmt"/>
      <line num="24" count="2" type="stmt"/>
      <line num="25" count="2" type="stmt"/>
      <line num="26" count="1" type="stmt"/>
      <line num="33" count="1" type="stmt"/>
      <line num="34" count="1" type="stmt"/>
    </file>
    <file name="getApostas.js" path="/home/agathar/Documents/Mentoria/mentorship/projects/loteria-online/src/loteria-online/getApostas.js">
      <metrics statements="10" coveredstatements="8" conditionals="0" coveredconditionals="0" methods="1" coveredmethods="1"/>
      <line num="3" count="1" type="stmt"/>
      <line num="5" count="1" type="stmt"/>
      <line num="6" count="1" type="stmt"/>
      <line num="8" count="1" type="stmt"/>
      <line num="9" count="2" type="stmt"/>
      <line num="10" count="2" type="stmt"/>
      <line num="11" count="2" type="stmt"/>
      <line num="19" count="0" type="stmt"/>
      <line num="20" count="0" type="stmt"/>
      <line num="31" count="2" type="stmt"/>
    </file>
  </project>
</coverage>
