{"/home/agathar/Documents/Mentoria/mentorship/projects/loteria-online/src/loteria-online/createApostas.js": {"path":"/home/agathar/Documents/Mentoria/mentorship/projects/loteria-online/src/loteria-online/createApostas.js","statementMap":{"0":{"start":{"line":1,"column":23},"end":{"line":1,"column":38}},"1":{"start":{"line":3,"column":12},"end":{"line":3,"column":30}},"2":{"start":{"line":4,"column":17},"end":{"line":4,"column":33}},"3":{"start":{"line":8,"column":4},"end":{"line":8,"column":15}},"4":{"start":{"line":10,"column":0},"end":{"line":71,"column":1}},"5":{"start":{"line":12,"column":14},"end":{"line":12,"column":63}},"6":{"start":{"line":14,"column":24},"end":{"line":16,"column":3}},"7":{"start":{"line":15,"column":4},"end":{"line":15,"column":27}},"8":{"start":{"line":18,"column":25},"end":{"line":28,"column":3}},"9":{"start":{"line":19,"column":4},"end":{"line":21,"column":5}},"10":{"start":{"line":20,"column":6},"end":{"line":20,"column":18}},"11":{"start":{"line":22,"column":4},"end":{"line":26,"column":5}},"12":{"start":{"line":23,"column":6},"end":{"line":25,"column":7}},"13":{"start":{"line":24,"column":8},"end":{"line":24,"column":20}},"14":{"start":{"line":27,"column":4},"end":{"line":27,"column":15}},"15":{"start":{"line":30,"column":24},"end":{"line":35,"column":4}},"16":{"start":{"line":30,"column":44},"end":{"line":35,"column":3}},"17":{"start":{"line":37,"column":2},"end":{"line":39,"column":3}},"18":{"start":{"line":38,"column":4},"end":{"line":38,"column":47}},"19":{"start":{"line":40,"column":2},"end":{"line":42,"column":3}},"20":{"start":{"line":41,"column":4},"end":{"line":41,"column":49}},"21":{"start":{"line":44,"column":15},"end":{"line":44,"column":36}},"22":{"start":{"line":46,"column":17},"end":{"line":63,"column":3}},"23":{"start":{"line":64,"column":2},"end":{"line":70,"column":3}},"24":{"start":{"line":65,"column":4},"end":{"line":65,"column":45}},"25":{"start":{"line":66,"column":4},"end":{"line":66,"column":93}},"26":{"start":{"line":69,"column":4},"end":{"line":69,"column":75}}},"fnMap":{"0":{"name":"(anonymous_0)","decl":{"start":{"line":10,"column":18},"end":{"line":10,"column":19}},"loc":{"start":{"line":10,"column":35},"end":{"line":71,"column":1}},"line":10},"1":{"name":"(anonymous_1)","decl":{"start":{"line":14,"column":24},"end":{"line":14,"column":25}},"loc":{"start":{"line":14,"column":35},"end":{"line":16,"column":3}},"line":14},"2":{"name":"(anonymous_2)","decl":{"start":{"line":18,"column":25},"end":{"line":18,"column":26}},"loc":{"start":{"line":18,"column":36},"end":{"line":28,"column":3}},"line":18},"3":{"name":"(anonymous_3)","decl":{"start":{"line":30,"column":24},"end":{"line":30,"column":25}},"loc":{"start":{"line":30,"column":44},"end":{"line":35,"column":3}},"line":30}},"branchMap":{"0":{"loc":{"start":{"line":19,"column":4},"end":{"line":21,"column":5}},"type":"if","locations":[{"start":{"line":19,"column":4},"end":{"line":21,"column":5}},{"start":{},"end":{}}],"line":19},"1":{"loc":{"start":{"line":23,"column":6},"end":{"line":25,"column":7}},"type":"if","locations":[{"start":{"line":23,"column":6},"end":{"line":25,"column":7}},{"start":{},"end":{}}],"line":23},"2":{"loc":{"start":{"line":23,"column":10},"end":{"line":23,"column":42}},"type":"binary-expr","locations":[{"start":{"line":23,"column":10},"end":{"line":23,"column":28}},{"start":{"line":23,"column":32},"end":{"line":23,"column":35}},{"start":{"line":23,"column":39},"end":{"line":23,"column":42}}],"line":23},"3":{"loc":{"start":{"line":37,"column":2},"end":{"line":39,"column":3}},"type":"if","locations":[{"start":{"line":37,"column":2},"end":{"line":39,"column":3}},{"start":{},"end":{}}],"line":37},"4":{"loc":{"start":{"line":40,"column":2},"end":{"line":42,"column":3}},"type":"if","locations":[{"start":{"line":40,"column":2},"end":{"line":42,"column":3}},{"start":{},"end":{}}],"line":40}},"s":{"0":1,"1":1,"2":1,"3":1,"4":1,"5":11,"6":11,"7":11,"8":11,"9":6,"10":1,"11":5,"12":9,"13":3,"14":2,"15":11,"16":11,"17":11,"18":5,"19":6,"20":4,"21":2,"22":2,"23":2,"24":2,"25":1,"26":1},"f":{"0":11,"1":11,"2":6,"3":11},"b":{"0":[1,5],"1":[3,6],"2":[9,8,7],"3":[5,6],"4":[4,2]},"_coverageSchema":"1a1c01bbd47fc00a2c39e90264f33305004495a9","hash":"898cc083cd45799cf31ed78e21100fad1af0045e"}
,"/home/agathar/Documents/Mentoria/mentorship/projects/loteria-online/src/loteria-online/deleteApostas.js": {"path":"/home/agathar/Documents/Mentoria/mentorship/projects/loteria-online/src/loteria-online/deleteApostas.js","statementMap":{"0":{"start":{"line":3,"column":6},"end":{"line":3,"column":17}},"1":{"start":{"line":5,"column":12},"end":{"line":5,"column":30}},"2":{"start":{"line":6,"column":18},"end":{"line":6,"column":51}},"3":{"start":{"line":8,"column":0},"end":{"line":42,"column":1}},"4":{"start":{"line":9,"column":15},"end":{"line":9,"column":38}},"5":{"start":{"line":10,"column":4},"end":{"line":17,"column":5}},"6":{"start":{"line":11,"column":6},"end":{"line":16,"column":8}},"7":{"start":{"line":18,"column":19},"end":{"line":23,"column":8}},"8":{"start":{"line":24,"column":4},"end":{"line":41,"column":5}},"9":{"start":{"line":25,"column":6},"end":{"line":25,"column":47}},"10":{"start":{"line":26,"column":6},"end":{"line":31,"column":8}},"11":{"start":{"line":33,"column":8},"end":{"line":33,"column":42}},"12":{"start":{"line":34,"column":6},"end":{"line":39,"column":8}}},"fnMap":{"0":{"name":"(anonymous_0)","decl":{"start":{"line":8,"column":18},"end":{"line":8,"column":19}},"loc":{"start":{"line":8,"column":35},"end":{"line":42,"column":1}},"line":8}},"branchMap":{"0":{"loc":{"start":{"line":10,"column":4},"end":{"line":17,"column":5}},"type":"if","locations":[{"start":{"line":10,"column":4},"end":{"line":17,"column":5}},{"start":{},"end":{}}],"line":10}},"s":{"0":1,"1":1,"2":1,"3":1,"4":3,"5":3,"6":1,"7":2,"8":2,"9":2,"10":1,"11":1,"12":1},"f":{"0":3},"b":{"0":[1,2]},"_coverageSchema":"1a1c01bbd47fc00a2c39e90264f33305004495a9","hash":"a3ab70c9947bf448b71ceb585510006ab583f049"}
,"/home/agathar/Documents/Mentoria/mentorship/projects/loteria-online/src/loteria-online/getApostas.js": {"path":"/home/agathar/Documents/Mentoria/mentorship/projects/loteria-online/src/loteria-online/getApostas.js","statementMap":{"0":{"start":{"line":3,"column":6},"end":{"line":3,"column":17}},"1":{"start":{"line":5,"column":12},"end":{"line":5,"column":30}},"2":{"start":{"line":6,"column":18},"end":{"line":6,"column":51}},"3":{"start":{"line":8,"column":0},"end":{"line":38,"column":1}},"4":{"start":{"line":9,"column":18},"end":{"line":9,"column":44}},"5":{"start":{"line":10,"column":4},"end":{"line":37,"column":5}},"6":{"start":{"line":11,"column":6},"end":{"line":18,"column":19}},"7":{"start":{"line":19,"column":6},"end":{"line":19,"column":75}},"8":{"start":{"line":20,"column":6},"end":{"line":29,"column":8}},"9":{"start":{"line":31,"column":6},"end":{"line":35,"column":8}}},"fnMap":{"0":{"name":"(anonymous_0)","decl":{"start":{"line":8,"column":18},"end":{"line":8,"column":19}},"loc":{"start":{"line":8,"column":35},"end":{"line":38,"column":1}},"line":8}},"branchMap":{},"s":{"0":1,"1":1,"2":1,"3":1,"4":2,"5":2,"6":2,"7":0,"8":0,"9":2},"f":{"0":2},"b":{},"_coverageSchema":"1a1c01bbd47fc00a2c39e90264f33305004495a9","hash":"d7ff4f9f4db26c9e81db4f636aa96b6a5b123418"}
}
