TN:
SF:src/loteria-online/createApostas.js
FN:10,(anonymous_0)
FN:14,(anonymous_1)
FN:18,(anonymous_2)
FN:30,(anonymous_3)
FNF:4
FNH:4
FNDA:11,(anonymous_0)
FNDA:11,(anonymous_1)
FNDA:6,(anonymous_2)
FNDA:11,(anonymous_3)
DA:1,1
DA:3,1
DA:4,1
DA:8,1
DA:10,1
DA:12,11
DA:14,11
DA:15,11
DA:18,11
DA:19,6
DA:20,1
DA:22,5
DA:23,9
DA:24,3
DA:27,2
DA:30,11
DA:37,11
DA:38,5
DA:40,6
DA:41,4
DA:44,2
DA:46,2
DA:64,2
DA:65,2
DA:66,1
DA:69,1
LF:26
LH:26
BRDA:19,0,0,1
BRDA:19,0,1,5
BRDA:23,1,0,3
BRDA:23,1,1,6
BRDA:23,2,0,9
BRDA:23,2,1,8
BRDA:23,2,2,7
BRDA:37,3,0,5
BRDA:37,3,1,6
BRDA:40,4,0,4
BRDA:40,4,1,2
BRF:11
BRH:11
end_of_record
TN:
SF:src/loteria-online/deleteApostas.js
FN:8,(anonymous_0)
FNF:1
FNH:1
FNDA:3,(anonymous_0)
DA:3,1
DA:5,1
DA:6,1
DA:8,1
DA:9,3
DA:10,3
DA:11,1
DA:18,2
DA:24,2
DA:25,2
DA:26,1
DA:33,1
DA:34,1
LF:13
LH:13
BRDA:10,0,0,1
BRDA:10,0,1,2
BRF:2
BRH:2
end_of_record
TN:
SF:src/loteria-online/getApostas.js
FN:8,(anonymous_0)
FNF:1
FNH:1
FNDA:2,(anonymous_0)
DA:3,1
DA:5,1
DA:6,1
DA:8,1
DA:9,2
DA:10,2
DA:11,2
DA:19,0
DA:20,0
DA:31,2
LF:10
LH:8
BRF:0
BRH:0
end_of_record
